#
# A fatal error has been detected by the Java Runtime Environment:
#
#  SIGSEGV (0xb) at pc=0x00007f7319c68919, pid=6970, tid=140132137047808
#
# JRE version: Java(TM) SE Runtime Environment (7.0_40-b43) (build 1.7.0_40-b43)
# Java VM: Java HotSpot(TM) 64-Bit Server VM (24.0-b56 mixed mode linux-amd64 compressed oops)
# Problematic frame:
# V  [libjvm.so+0x5fb919]  java_lang_String::utf8_length(oopDesc*)+0xd9
#
# Failed to write core dump. Core dumps have been disabled. To enable core dumping, try "ulimit -c unlimited" before starting Java again
#
# If you would like to submit a bug report, please visit:
#   http://bugreport.sun.com/bugreport/crash.jsp
#

---------------  T H R E A D  ---------------

Current thread (0x00007f731409e000):  JavaThread "JDWP Transport Listener: dt_socket" daemon [_thread_in_vm, id=6980, stack(0x00007f730e301000,0x00007f730e402000)]

siginfo:si_signo=SIGSEGV: si_errno=0, si_code=1 (SEGV_MAPERR), si_addr=0x000000000000000c

Registers:
RAX=0x000000000000000c, RBX=0x00007f72bc0043c8, RCX=0x0000000000000000, RDX=0x0000000000000000
RSP=0x00007f730e400960, RBP=0x00007f730e400970, RSI=0x000000000000000c, RDI=0x00000000ec332648
R8 =0x0000000000000000, R9 =0x0000000000000001, R10=0x0000000000000000, R11=0x00007f7319cb1710
R12=0x0000000000000000, R13=0x00007f731409e000, R14=0x00007f730e400a60, R15=0x0000000000000000
RIP=0x00007f7319c68919, EFLAGS=0x0000000000010246, CSGSFS=0x0000000000000033, ERR=0x0000000000000004
  TRAPNO=0x000000000000000e

Top of Stack: (sp=0x00007f730e400960)
0x00007f730e400960:   00007f72bc0043c8 00000000ec332648
0x00007f730e400970:   00007f730e4009e0 00007f7319cba82b
0x00007f730e400980:   00007f731409e000 0000000000000000
0x00007f730e400990:   00007f730e4009e0 00007f7318b1bf12
0x00007f730e4009a0:   00007f731409e000 000000000000000a
0x00007f730e4009b0:   00007f730e4009e0 00007f730e400bf0
0x00007f730e4009c0:   00007f731409e1e8 00007f72bc0043c8
0x00007f730e4009d0:   00007f730e400a60 00007f7318d2f120
0x00007f730e4009e0:   00007f730e400a20 00007f7318afe322
0x00007f730e4009f0:   000000000000291c 000000000000000a
0x00007f730e400a00:   0000000000000001 000000000000000a
0x00007f730e400a10:   0000000000010a00 0000000000000001
0x00007f730e400a20:   00007f730e400c70 00007f7318b068e6
0x00007f730e400a30:   0000291c00000013 00007f7319010a00
0x00007f730e400a40:   00007f72dc000f80 00007f731409e000
0x00007f730e400a50:   00007f730e400a60 00007f730e400bf0
0x00007f730e400a60:   00007f730e400ab0 00007f730000012c
0x00007f730e400a70:   00007f730e400a78 0000000000000000
0x00007f730e400a80:   00007f730e400ab0 0000000000000000
0x00007f730e400a90:   0000000000000000 0000291c00000014
0x00007f730e400aa0:   00007f7300000b80 00007f730e400ab0
0x00007f730e400ab0:   0500000000000001 000000010c0042d7
0x00007f730e400ac0:   7f00002703000000 000000183e02d872
0x00007f730e400ad0:   040000cf00000000 00000000090c0000
0x00007f730e400ae0:   c201000009000000 0e00000000000000
0x00007f730e400af0:   00000000c3010000 c401000018000000
0x00007f730e400b00:   1e00000000000000 00000000c5010000
0x00007f730e400b10:   c60100002a000000 5b28050000003e74
0x00007f730e400b20:   0000000000562943 e4727f0000010000
0x00007f730e400b30:   3c0600000090d402 0000003e74696e69
0x00007f730e400b40:   56294949435b2807 0100000000000000
0x00007f730e400b50:   88d402e4727f0000 696e693c06000000 

Instructions: (pc=0x00007f7319c68919)
0x00007f7319c688f9:   08 48 d3 e2 48 03 10 b8 0c 00 00 00 eb 12 66 0f
0x00007f7319c68909:   1f 84 00 00 00 00 00 48 8b 14 37 b8 10 00 00 00
0x00007f7319c68919:   8b 1c 02 e9 6b ff ff ff 90 66 66 66 66 66 2e 0f
0x00007f7319c68929:   1f 84 00 00 00 00 00 55 48 89 e5 41 54 53 48 83 

Register to memory mapping:

RAX=0x000000000000000c is an unknown value
RBX=0x00007f72bc0043c8 is a global jni handle
RCX=0x0000000000000000 is an unknown value
RDX=0x0000000000000000 is an unknown value
RSP=0x00007f730e400960 is pointing into the stack for thread: 0x00007f731409e000
RBP=0x00007f730e400970 is pointing into the stack for thread: 0x00007f731409e000
RSI=0x000000000000000c is an unknown value
RDI=0x00000000ec332648 is an oop
java.lang.String 
 - klass: 'java/lang/String'
R8 =0x0000000000000000 is an unknown value
R9 =0x0000000000000001 is an unknown value
R10=0x0000000000000000 is an unknown value
R11=0x00007f7319cb1710: <offset 0x644710> in /usr/java/jdk1.7.0_40/jre/lib/amd64/server/libjvm.so at 0x00007f731966d000
R12=0x0000000000000000 is an unknown value
R13=0x00007f731409e000 is a thread
R14=0x00007f730e400a60 is pointing into the stack for thread: 0x00007f731409e000
R15=0x0000000000000000 is an unknown value


Stack: [0x00007f730e301000,0x00007f730e402000],  sp=0x00007f730e400960,  free space=1022k
Native frames: (J=compiled Java code, j=interpreted, Vv=VM code, C=native code)
V  [libjvm.so+0x5fb919]  java_lang_String::utf8_length(oopDesc*)+0xd9
V  [libjvm.so+0x64d82b]  jni_GetStringUTFChars+0xab
C  [libjdwp.so+0x9322]  value+0x92
C  [libjdwp.so+0x118e6]  debugLoop_run+0x2b6
C  [libjdwp.so+0x2432f]  attachThread+0x2f
V  [libjvm.so+0x6f3dd7]  JvmtiAgentThread::call_start_function()+0x97
V  [libjvm.so+0x94cb2f]  JavaThread::thread_main_inner()+0xdf
V  [libjvm.so+0x94cc35]  JavaThread::run()+0xf5
V  [libjvm.so+0x814a58]  java_start(Thread*)+0x108


---------------  P R O C E S S  ---------------

Java Threads: ( => current thread )
  0x00007f72bc00b800 JavaThread "Scheduler-104870084" [_thread_blocked, id=7012, stack(0x00007f730cbf1000,0x00007f730ccf2000)]
  0x00007f73142d0800 JavaThread "HashSessionScavenger-0" daemon [_thread_blocked, id=7010, stack(0x00007f730ccf2000,0x00007f730cdf3000)]
  0x00007f73142ce000 JavaThread "qtp1031318031-32" [_thread_blocked, id=7009, stack(0x00007f730cdf3000,0x00007f730cef4000)]
  0x00007f73142cc000 JavaThread "qtp1031318031-31" [_thread_blocked, id=7008, stack(0x00007f730cef4000,0x00007f730cff5000)]
  0x00007f73142cb000 JavaThread "qtp1031318031-30-acceptor-1-ServerConnector@869fb6d{HTTP/1.1}{0.0.0.0:8078}" [_thread_in_native, id=7007, stack(0x00007f72a7eff000,0x00007f72a8000000)]
  0x00007f73142ca000 JavaThread "qtp1031318031-29-acceptor-0-ServerConnector@869fb6d{HTTP/1.1}{0.0.0.0:8078}" [_thread_blocked, id=7006, stack(0x00007f730d0f6000,0x00007f730d1f7000)]
  0x00007f73142c9000 JavaThread "qtp1031318031-28-selector-3" [_thread_in_native, id=7005, stack(0x00007f730d1f7000,0x00007f730d2f8000)]
  0x00007f73142c8800 JavaThread "qtp1031318031-27-selector-2" [_thread_in_native, id=7004, stack(0x00007f730d2f8000,0x00007f730d3f9000)]
  0x00007f73142c2000 JavaThread "qtp1031318031-26-selector-0" [_thread_in_native, id=7003, stack(0x00007f730d3f9000,0x00007f730d4fa000)]
  0x00007f73142b6800 JavaThread "qtp1031318031-25-selector-1" [_thread_in_native, id=7002, stack(0x00007f730cff5000,0x00007f730d0f6000)]
  0x00007f7314275000 JavaThread "DateCache" daemon [_thread_blocked, id=6991, stack(0x00007f730d4fa000,0x00007f730d5fb000)]
  0x00007f7314219800 JavaThread "Thread-1" [_thread_in_Java, id=6990, stack(0x00007f730da22000,0x00007f730db23000)]
  0x00007f7314219000 JavaThread "Thread-0" [_thread_in_Java, id=6989, stack(0x00007f730db23000,0x00007f730dc24000)]
  0x00007f73140a9000 JavaThread "Service Thread" daemon [_thread_blocked, id=6987, stack(0x00007f730ddfc000,0x00007f730defd000)]
  0x00007f73140a7000 JavaThread "C2 CompilerThread1" daemon [_thread_blocked, id=6986, stack(0x00007f730defd000,0x00007f730dffe000)]
  0x00007f73140a4000 JavaThread "C2 CompilerThread0" daemon [_thread_blocked, id=6985, stack(0x00007f730dffe000,0x00007f730e0ff000)]
  0x00007f72e4001000 JavaThread "JDWP Command Reader" daemon [_thread_in_native, id=6984, stack(0x00007f730e0ff000,0x00007f730e200000)]
  0x00007f73140a1800 JavaThread "JDWP Event Helper Thread" daemon [_thread_blocked, id=6981, stack(0x00007f730e200000,0x00007f730e301000)]
=>0x00007f731409e000 JavaThread "JDWP Transport Listener: dt_socket" daemon [_thread_in_vm, id=6980, stack(0x00007f730e301000,0x00007f730e402000)]
  0x00007f7314088800 JavaThread "Signal Dispatcher" daemon [_thread_blocked, id=6979, stack(0x00007f730e606000,0x00007f730e707000)]
  0x00007f7314073000 JavaThread "Finalizer" daemon [_thread_blocked, id=6978, stack(0x00007f730e707000,0x00007f730e808000)]
  0x00007f731406f000 JavaThread "Reference Handler" daemon [_thread_blocked, id=6977, stack(0x00007f730e808000,0x00007f730e909000)]
  0x00007f731400d000 JavaThread "main" [_thread_blocked, id=6971, stack(0x00007f731afc8000,0x00007f731b0c9000)]

Other Threads:
  0x00007f731406c800 VMThread [stack: 0x00007f730e909000,0x00007f730ea0a000] [id=6976]
  0x00007f73140b4000 WatcherThread [stack: 0x00007f730dcfb000,0x00007f730ddfc000] [id=6988]

VM state:not at safepoint (normal execution)

VM Mutex/Monitor currently owned by a thread: None

Heap
 PSYoungGen      total 18432K, used 12164K [0x00000000eba80000, 0x00000000ecf00000, 0x0000000100000000)
  eden space 15872K, 60% used [0x00000000eba80000,0x00000000ec3e3528,0x00000000eca00000)
  from space 2560K, 99% used [0x00000000eca00000,0x00000000ecc7dbf0,0x00000000ecc80000)
  to   space 2560K, 0% used [0x00000000ecc80000,0x00000000ecc80000,0x00000000ecf00000)
 ParOldGen       total 41472K, used 362K [0x00000000c3000000, 0x00000000c5880000, 0x00000000eba80000)
  object space 41472K, 0% used [0x00000000c3000000,0x00000000c305ab30,0x00000000c5880000)
 PSPermGen       total 21504K, used 9803K [0x00000000bde00000, 0x00000000bf300000, 0x00000000c3000000)
  object space 21504K, 45% used [0x00000000bde00000,0x00000000be792eb8,0x00000000bf300000)

Card table byte_map: [0x00007f7310397000,0x00007f73105a9000] byte_map_base: 0x00007f730fda8000

Polling page: 0x00007f731b0e9000

Code Cache  [0x00007f73105a9000, 0x00007f7310819000, 0x00007f73135a9000)
 total_blobs=331 nmethods=60 adapters=232 free_code_cache=48590Kb largest_free_block=49738368

Compilation events (10 events):
Event: 16,555 Thread 0x00007f73140a4000 nmethod 56 0x00007f731062e850 code [0x00007f731062e9a0, 0x00007f731062ecb8]
Event: 16,561 Thread 0x00007f73140a7000 nmethod 54 0x00007f7310637d10 code [0x00007f7310638020, 0x00007f7310638e78]
Event: 16,594 Thread 0x00007f73140a4000   57             java.lang.String::equals (81 bytes)
Event: 16,601 Thread 0x00007f73140a4000 nmethod 57 0x00007f7310636210 code [0x00007f7310636360, 0x00007f7310636678]
Event: 16,601 Thread 0x00007f73140a4000   58             java.lang.String::getChars (62 bytes)
Event: 16,602 Thread 0x00007f73140a7000   59             java.lang.AbstractStringBuilder::append (48 bytes)
Event: 16,603 Thread 0x00007f73140a4000 nmethod 58 0x00007f7310635cd0 code [0x00007f7310635e20, 0x00007f7310636058]
Event: 16,609 Thread 0x00007f73140a7000 nmethod 59 0x00007f7310630110 code [0x00007f7310630280, 0x00007f7310630778]
Event: 16,741 Thread 0x00007f73140a4000   60             java.lang.StringBuilder::append (8 bytes)
Event: 16,742 Thread 0x00007f73140a4000 nmethod 60 0x00007f7310630d90 code [0x00007f7310630ee0, 0x00007f7310630f68]

GC Heap History (2 events):
Event: 16,315 GC heap before
{Heap before GC invocations=1 (full 0):
 PSYoungGen      total 18432K, used 15872K [0x00000000eba80000, 0x00000000ecf00000, 0x0000000100000000)
  eden space 15872K, 100% used [0x00000000eba80000,0x00000000eca00000,0x00000000eca00000)
  from space 2560K, 0% used [0x00000000ecc80000,0x00000000ecc80000,0x00000000ecf00000)
  to   space 2560K, 0% used [0x00000000eca00000,0x00000000eca00000,0x00000000ecc80000)
 ParOldGen       total 41472K, used 0K [0x00000000c3000000, 0x00000000c5880000, 0x00000000eba80000)
  object space 41472K, 0% used [0x00000000c3000000,0x00000000c3000000,0x00000000c5880000)
 PSPermGen       total 21504K, used 7333K [0x00000000bde00000, 0x00000000bf300000, 0x00000000c3000000)
  object space 21504K, 34% used [0x00000000bde00000,0x00000000be529450,0x00000000bf300000)
Event: 16,320 GC heap after
Heap after GC invocations=1 (full 0):
 PSYoungGen      total 18432K, used 2550K [0x00000000eba80000, 0x00000000ecf00000, 0x0000000100000000)
  eden space 15872K, 0% used [0x00000000eba80000,0x00000000eba80000,0x00000000eca00000)
  from space 2560K, 99% used [0x00000000eca00000,0x00000000ecc7dbf0,0x00000000ecc80000)
  to   space 2560K, 0% used [0x00000000ecc80000,0x00000000ecc80000,0x00000000ecf00000)
 ParOldGen       total 41472K, used 362K [0x00000000c3000000, 0x00000000c5880000, 0x00000000eba80000)
  object space 41472K, 0% used [0x00000000c3000000,0x00000000c305ab30,0x00000000c5880000)
 PSPermGen       total 21504K, used 7333K [0x00000000bde00000, 0x00000000bf300000, 0x00000000c3000000)
  object space 21504K, 34% used [0x00000000bde00000,0x00000000be529450,0x00000000bf300000)
}

Deoptimization events (6 events):
Event: 0,338 Thread 0x00007f731400d000 Uncommon trap: reason=class_check action=maybe_recompile pc=0x00007f7310609490 method=java.util.Properties$LineReader.readLine()I @ 62
Event: 0,339 Thread 0x00007f731400d000 Uncommon trap: reason=class_check action=maybe_recompile pc=0x00007f7310609490 method=java.util.Properties$LineReader.readLine()I @ 62
Event: 0,342 Thread 0x00007f731400d000 Uncommon trap: reason=class_check action=maybe_recompile pc=0x00007f7310609490 method=java.util.Properties$LineReader.readLine()I @ 62
Event: 0,343 Thread 0x00007f731400d000 Uncommon trap: reason=class_check action=maybe_recompile pc=0x00007f7310609490 method=java.util.Properties$LineReader.readLine()I @ 62
Event: 16,502 Thread 0x00007f73142cc000 Uncommon trap: reason=null_check action=make_not_entrant pc=0x00007f731061941c method=java.lang.String.equals(Ljava/lang/Object;)Z @ 8
Event: 16,752 Thread 0x00007f73142cc000 Uncommon trap: reason=unreached action=reinterpret pc=0x00007f731060e304 method=java.util.concurrent.ConcurrentLinkedQueue.updateHead(Ljava/util/concurrent/ConcurrentLinkedQueue$Node;Ljava/util/concurrent/ConcurrentLinkedQueue$Node;)V @ 2

Internal exceptions (10 events):
Event: 16,745 Thread 0x00007f73142cc000 Threw 0x00000000ec269c50 at /HUDSON/workspace/jdk7u40-2-build-linux-amd64-product/jdk7u40/hotspot/src/share/vm/prims/jvm.cpp:1244
Event: 16,746 Thread 0x00007f73142cc000 Threw 0x00000000ec26da38 at /HUDSON/workspace/jdk7u40-2-build-linux-amd64-product/jdk7u40/hotspot/src/share/vm/prims/jvm.cpp:1244
Event: 16,747 Thread 0x00007f73142cc000 Threw 0x00000000ec271890 at /HUDSON/workspace/jdk7u40-2-build-linux-amd64-product/jdk7u40/hotspot/src/share/vm/prims/jvm.cpp:1244
Event: 16,747 Thread 0x00007f73142cc000 Threw 0x00000000ec275af0 at /HUDSON/workspace/jdk7u40-2-build-linux-amd64-product/jdk7u40/hotspot/src/share/vm/prims/jvm.cpp:1244
Event: 16,748 Thread 0x00007f73142cc000 Threw 0x00000000ec279f60 at /HUDSON/workspace/jdk7u40-2-build-linux-amd64-product/jdk7u40/hotspot/src/share/vm/prims/jvm.cpp:1244
Event: 16,749 Thread 0x00007f73142cc000 Threw 0x00000000ec27dd88 at /HUDSON/workspace/jdk7u40-2-build-linux-amd64-product/jdk7u40/hotspot/src/share/vm/prims/jvm.cpp:1244
Event: 16,750 Thread 0x00007f73142cc000 Threw 0x00000000ec281d18 at /HUDSON/workspace/jdk7u40-2-build-linux-amd64-product/jdk7u40/hotspot/src/share/vm/prims/jvm.cpp:1244
Event: 16,750 Thread 0x00007f73142cc000 Threw 0x00000000ec285b88 at /HUDSON/workspace/jdk7u40-2-build-linux-amd64-product/jdk7u40/hotspot/src/share/vm/prims/jvm.cpp:1244
Event: 19,871 Thread 0x00007f73142ce000 Threw 0x00000000ec31e650 at /HUDSON/workspace/jdk7u40-2-build-linux-amd64-product/jdk7u40/hotspot/src/share/vm/prims/jvm.cpp:1244
Event: 25,395 Thread 0x00007f73142ce000 Threw 0x00000000ec326cb8 at /HUDSON/workspace/jdk7u40-2-build-linux-amd64-product/jdk7u40/hotspot/src/share/vm/interpreter/linkResolver.cpp:883

Events (10 events):
Event: 42,843 Executing VM operation: GetOrSetLocal
Event: 42,843 Executing VM operation: GetOrSetLocal done
Event: 42,855 Executing VM operation: GetOrSetLocal
Event: 42,855 Executing VM operation: GetOrSetLocal done
Event: 42,857 Executing VM operation: GetOrSetLocal
Event: 42,857 Executing VM operation: GetOrSetLocal done
Event: 42,859 Executing VM operation: GetOrSetLocal
Event: 42,859 Executing VM operation: GetOrSetLocal done
Event: 42,862 Executing VM operation: GetOrSetLocal
Event: 42,863 Executing VM operation: GetOrSetLocal done


Dynamic libraries:
00400000-00401000 r-xp 00000000 08:07 1058070                            /usr/java/jdk1.7.0_40/bin/java
00600000-00601000 rw-p 00000000 08:07 1058070                            /usr/java/jdk1.7.0_40/bin/java
00ce6000-00d07000 rw-p 00000000 00:00 0                                  [heap]
bde00000-bf300000 rw-p 00000000 00:00 0 
bf300000-c3000000 rw-p 00000000 00:00 0 
c3000000-c5880000 rw-p 00000000 00:00 0 
c5880000-eba80000 rw-p 00000000 00:00 0 
eba80000-ecf00000 rw-p 00000000 00:00 0 
ecf00000-100000000 rw-p 00000000 00:00 0 
7f7290000000-7f7290021000 rw-p 00000000 00:00 0 
7f7290021000-7f7294000000 ---p 00000000 00:00 0 
7f7294000000-7f7294021000 rw-p 00000000 00:00 0 
7f7294021000-7f7298000000 ---p 00000000 00:00 0 
7f7298000000-7f7298214000 rw-p 00000000 00:00 0 
7f7298214000-7f729c000000 ---p 00000000 00:00 0 
7f729c000000-7f729c021000 rw-p 00000000 00:00 0 
7f729c021000-7f72a0000000 ---p 00000000 00:00 0 
7f72a0000000-7f72a0021000 rw-p 00000000 00:00 0 
7f72a0021000-7f72a4000000 ---p 00000000 00:00 0 
7f72a7eff000-7f72a7f02000 ---p 00000000 00:00 0 
7f72a7f02000-7f72a8000000 rw-p 00000000 00:00 0 
7f72a8000000-7f72a8021000 rw-p 00000000 00:00 0 
7f72a8021000-7f72ac000000 ---p 00000000 00:00 0 
7f72ac000000-7f72ac021000 rw-p 00000000 00:00 0 
7f72ac021000-7f72b0000000 ---p 00000000 00:00 0 
7f72b0000000-7f72b0021000 rw-p 00000000 00:00 0 
7f72b0021000-7f72b4000000 ---p 00000000 00:00 0 
7f72b4000000-7f72b4021000 rw-p 00000000 00:00 0 
7f72b4021000-7f72b8000000 ---p 00000000 00:00 0 
7f72b8000000-7f72b8021000 rw-p 00000000 00:00 0 
7f72b8021000-7f72bc000000 ---p 00000000 00:00 0 
7f72bc000000-7f72bc027000 rw-p 00000000 00:00 0 
7f72bc027000-7f72c0000000 ---p 00000000 00:00 0 
7f72c0000000-7f72c0021000 rw-p 00000000 00:00 0 
7f72c0021000-7f72c4000000 ---p 00000000 00:00 0 
7f72c4000000-7f72c4021000 rw-p 00000000 00:00 0 
7f72c4021000-7f72c8000000 ---p 00000000 00:00 0 
7f72c8000000-7f72c8021000 rw-p 00000000 00:00 0 
7f72c8021000-7f72cc000000 ---p 00000000 00:00 0 
7f72cc000000-7f72cc021000 rw-p 00000000 00:00 0 
7f72cc021000-7f72d0000000 ---p 00000000 00:00 0 
7f72d0000000-7f72d02e8000 rw-p 00000000 00:00 0 
7f72d02e8000-7f72d4000000 ---p 00000000 00:00 0 
7f72d4000000-7f72d4284000 rw-p 00000000 00:00 0 
7f72d4284000-7f72d8000000 ---p 00000000 00:00 0 
7f72d8000000-7f72d802a000 rw-p 00000000 00:00 0 
7f72d802a000-7f72dc000000 ---p 00000000 00:00 0 
7f72dc000000-7f72dc021000 rw-p 00000000 00:00 0 
7f72dc021000-7f72e0000000 ---p 00000000 00:00 0 
7f72e0000000-7f72e0021000 rw-p 00000000 00:00 0 
7f72e0021000-7f72e4000000 ---p 00000000 00:00 0 
7f72e4000000-7f72e4051000 rw-p 00000000 00:00 0 
7f72e4051000-7f72e8000000 ---p 00000000 00:00 0 
7f72e8000000-7f72e8021000 rw-p 00000000 00:00 0 
7f72e8021000-7f72ec000000 ---p 00000000 00:00 0 
7f72ec000000-7f72ec021000 rw-p 00000000 00:00 0 
7f72ec021000-7f72f0000000 ---p 00000000 00:00 0 
7f72f0000000-7f72f0021000 rw-p 00000000 00:00 0 
7f72f0021000-7f72f4000000 ---p 00000000 00:00 0 
7f72f4000000-7f72f4021000 rw-p 00000000 00:00 0 
7f72f4021000-7f72f8000000 ---p 00000000 00:00 0 
7f72f8000000-7f72f8021000 rw-p 00000000 00:00 0 
7f72f8021000-7f72fc000000 ---p 00000000 00:00 0 
7f7300000000-7f7300021000 rw-p 00000000 00:00 0 
7f7300021000-7f7304000000 ---p 00000000 00:00 0 
7f7305ef0000-7f7308000000 rw-p 00000000 00:00 0 
7f7308000000-7f7308021000 rw-p 00000000 00:00 0 
7f7308021000-7f730c000000 ---p 00000000 00:00 0 
7f730c9ac000-7f730cbf1000 rw-p 00000000 00:00 0 
7f730cbf1000-7f730cbf4000 ---p 00000000 00:00 0 
7f730cbf4000-7f730ccf2000 rw-p 00000000 00:00 0 
7f730ccf2000-7f730ccf5000 ---p 00000000 00:00 0 
7f730ccf5000-7f730cdf3000 rw-p 00000000 00:00 0 
7f730cdf3000-7f730cdf6000 ---p 00000000 00:00 0 
7f730cdf6000-7f730cef4000 rw-p 00000000 00:00 0 
7f730cef4000-7f730cef7000 ---p 00000000 00:00 0 
7f730cef7000-7f730cff5000 rw-p 00000000 00:00 0 
7f730cff5000-7f730cff8000 ---p 00000000 00:00 0 
7f730cff8000-7f730d0f6000 rw-p 00000000 00:00 0 
7f730d0f6000-7f730d0f9000 ---p 00000000 00:00 0 
7f730d0f9000-7f730d1f7000 rw-p 00000000 00:00 0 
7f730d1f7000-7f730d1fa000 ---p 00000000 00:00 0 
7f730d1fa000-7f730d2f8000 rw-p 00000000 00:00 0 
7f730d2f8000-7f730d2fb000 ---p 00000000 00:00 0 
7f730d2fb000-7f730d3f9000 rw-p 00000000 00:00 0 
7f730d3f9000-7f730d3fc000 ---p 00000000 00:00 0 
7f730d3fc000-7f730d4fa000 rw-p 00000000 00:00 0 
7f730d4fa000-7f730d4fd000 ---p 00000000 00:00 0 
7f730d4fd000-7f730d5fb000 rw-p 00000000 00:00 0 
7f730d5fb000-7f730d610000 r-xp 00000000 08:07 932558                     /usr/java/jdk1.7.0_40/jre/lib/amd64/libnet.so
7f730d610000-7f730d810000 ---p 00015000 08:07 932558                     /usr/java/jdk1.7.0_40/jre/lib/amd64/libnet.so
7f730d810000-7f730d811000 rw-p 00015000 08:07 932558                     /usr/java/jdk1.7.0_40/jre/lib/amd64/libnet.so
7f730d811000-7f730d821000 r-xp 00000000 08:07 932537                     /usr/java/jdk1.7.0_40/jre/lib/amd64/libnio.so
7f730d821000-7f730da21000 ---p 00010000 08:07 932537                     /usr/java/jdk1.7.0_40/jre/lib/amd64/libnio.so
7f730da21000-7f730da22000 rw-p 00010000 08:07 932537                     /usr/java/jdk1.7.0_40/jre/lib/amd64/libnio.so
7f730da22000-7f730da25000 ---p 00000000 00:00 0 
7f730da25000-7f730db23000 rw-p 00000000 00:00 0 
7f730db23000-7f730db26000 ---p 00000000 00:00 0 
7f730db26000-7f730dc24000 rw-p 00000000 00:00 0 
7f730dc24000-7f730dc26000 r--s 00013000 08:07 3285166                    /home/maxim/idea-IC-129.713/lib/idea_rt.jar
7f730dc26000-7f730dc29000 r--s 00014000 08:07 1709227                    /home/maxim/.m2/repository/org/eclipse/jetty/jetty-security/9.0.5.v20130815/jetty-security-9.0.5.v20130815.jar
7f730dc29000-7f730dc2b000 r--s 00018000 08:07 1709219                    /home/maxim/.m2/repository/org/eclipse/jetty/jetty-servlet/9.0.5.v20130815/jetty-servlet-9.0.5.v20130815.jar
7f730dc2b000-7f730dc2d000 r--s 00009000 08:07 1321334                    /home/maxim/.m2/repository/org/eclipse/jetty/jetty-xml/9.0.5.v20130815/jetty-xml-9.0.5.v20130815.jar
7f730dc2d000-7f730dc30000 r--s 00019000 08:07 1321331                    /home/maxim/.m2/repository/org/eclipse/jetty/jetty-webapp/9.0.5.v20130815/jetty-webapp-9.0.5.v20130815.jar
7f730dc30000-7f730dc41000 r--s 000d3000 08:07 1706808                    /home/maxim/.m2/repository/org/freemarker/freemarker/2.3.19/freemarker-2.3.19.jar
7f730dc41000-7f730dc43000 r--s 00013000 08:07 3542797                    /home/maxim/.m2/repository/org/eclipse/jetty/jetty-io/9.0.5.v20130815/jetty-io-9.0.5.v20130815.jar
7f730dc43000-7f730dc49000 r--s 0004d000 08:07 3542458                    /home/maxim/.m2/repository/org/eclipse/jetty/jetty-util/9.0.5.v20130815/jetty-util-9.0.5.v20130815.jar
7f730dc49000-7f730dc4b000 r--s 00018000 08:07 3541670                    /home/maxim/.m2/repository/org/eclipse/jetty/jetty-http/9.0.5.v20130815/jetty-http-9.0.5.v20130815.jar
7f730dc4b000-7f730dc4f000 r--s 0008a000 08:07 3672866                    /usr/java/jdk1.7.0_40/jre/lib/jsse.jar
7f730dc4f000-7f730dc52000 r--s 0002e000 08:07 3541698                    /home/maxim/.m2/repository/org/eclipse/jetty/orbit/javax.servlet/3.0.0.v201112011016/javax.servlet-3.0.0.v201112011016.jar
7f730dc52000-7f730dc57000 r--s 00052000 08:07 3541671                    /home/maxim/.m2/repository/org/eclipse/jetty/jetty-server/9.0.5.v20130815/jetty-server-9.0.5.v20130815.jar
7f730dc57000-7f730dce6000 r--s 00dda000 08:07 3687454                    /usr/java/jdk1.7.0_40/jre/lib/jfxrt.jar
7f730dce6000-7f730dcf1000 r--s 000af000 08:07 3687448                    /usr/java/jdk1.7.0_40/jre/lib/resources.jar
7f730dcf1000-7f730dcfb000 r--s 00066000 08:07 3687445                    /usr/java/jdk1.7.0_40/jre/lib/javaws.jar
7f730dcfb000-7f730dcfc000 ---p 00000000 00:00 0 
7f730dcfc000-7f730ddfc000 rw-p 00000000 00:00 0 
7f730ddfc000-7f730ddff000 ---p 00000000 00:00 0 
7f730ddff000-7f730defd000 rw-p 00000000 00:00 0 
7f730defd000-7f730df00000 ---p 00000000 00:00 0 
7f730df00000-7f730dffe000 rw-p 00000000 00:00 0 
7f730dffe000-7f730e001000 ---p 00000000 00:00 0 
7f730e001000-7f730e0ff000 rw-p 00000000 00:00 0 
7f730e0ff000-7f730e102000 ---p 00000000 00:00 0 
7f730e102000-7f730e200000 rw-p 00000000 00:00 0 
7f730e200000-7f730e203000 ---p 00000000 00:00 0 
7f730e203000-7f730e301000 rw-p 00000000 00:00 0 
7f730e301000-7f730e304000 ---p 00000000 00:00 0 
7f730e304000-7f730e402000 rw-p 00000000 00:00 0 
7f730e402000-7f730e406000 r-xp 00000000 08:07 932568                     /usr/java/jdk1.7.0_40/jre/lib/amd64/libdt_socket.so
7f730e406000-7f730e605000 ---p 00004000 08:07 932568                     /usr/java/jdk1.7.0_40/jre/lib/amd64/libdt_socket.so
7f730e605000-7f730e606000 rw-p 00003000 08:07 932568                     /usr/java/jdk1.7.0_40/jre/lib/amd64/libdt_socket.so
7f730e606000-7f730e609000 ---p 00000000 00:00 0 
7f730e609000-7f730e707000 rw-p 00000000 00:00 0 
7f730e707000-7f730e70a000 ---p 00000000 00:00 0 
7f730e70a000-7f730e808000 rw-p 00000000 00:00 0 
7f730e808000-7f730e80b000 ---p 00000000 00:00 0 
7f730e80b000-7f730e909000 rw-p 00000000 00:00 0 
7f730e909000-7f730e90a000 ---p 00000000 00:00 0 
7f730e90a000-7f730fa09000 rw-p 00000000 00:00 0 
7f730fa09000-7f730fbc6000 r--s 039d3000 08:07 3672863                    /usr/java/jdk1.7.0_40/jre/lib/rt.jar
7f730fbc6000-7f730fe4d000 rw-p 00000000 00:00 0 
7f730fe4d000-7f730fe4e000 ---p 00000000 00:00 0 
7f730fe4e000-7f730ff4e000 rw-p 00000000 00:00 0 
7f730ff4e000-7f730ff4f000 ---p 00000000 00:00 0 
7f730ff4f000-7f731004f000 rw-p 00000000 00:00 0 
7f731004f000-7f7310050000 ---p 00000000 00:00 0 
7f7310050000-7f7310150000 rw-p 00000000 00:00 0 
7f7310150000-7f7310151000 ---p 00000000 00:00 0 
7f7310151000-7f7310266000 rw-p 00000000 00:00 0 
7f7310266000-7f7310397000 rw-p 00000000 00:00 0 
7f7310397000-7f73103a2000 rw-p 00000000 00:00 0 
7f73103a2000-7f73103c0000 rw-p 00000000 00:00 0 
7f73103c0000-7f73103d5000 rw-p 00000000 00:00 0 
7f73103d5000-7f7310505000 rw-p 00000000 00:00 0 
7f7310505000-7f7310510000 rw-p 00000000 00:00 0 
7f7310510000-7f73105a8000 rw-p 00000000 00:00 0 
7f73105a8000-7f73105a9000 rw-p 00000000 00:00 0 
7f73105a9000-7f7310819000 rwxp 00000000 00:00 0 
7f7310819000-7f73135a9000 rw-p 00000000 00:00 0 
7f73135a9000-7f73135c3000 r-xp 00000000 08:07 932582                     /usr/java/jdk1.7.0_40/jre/lib/amd64/libzip.so
7f73135c3000-7f73137c3000 ---p 0001a000 08:07 932582                     /usr/java/jdk1.7.0_40/jre/lib/amd64/libzip.so
7f73137c3000-7f73137c4000 rw-p 0001a000 08:07 932582                     /usr/java/jdk1.7.0_40/jre/lib/amd64/libzip.so
7f73137c4000-7f73137d0000 r-xp 00000000 08:07 2490598                    /lib/x86_64-linux-gnu/libnss_files-2.15.so
7f73137d0000-7f73139cf000 ---p 0000c000 08:07 2490598                    /lib/x86_64-linux-gnu/libnss_files-2.15.so
7f73139cf000-7f73139d0000 r--p 0000b000 08:07 2490598                    /lib/x86_64-linux-gnu/libnss_files-2.15.so
7f73139d0000-7f73139d1000 rw-p 0000c000 08:07 2490598                    /lib/x86_64-linux-gnu/libnss_files-2.15.so
7f73139d1000-7f73139db000 r-xp 00000000 08:07 2490594                    /lib/x86_64-linux-gnu/libnss_nis-2.15.so
7f73139db000-7f7313bdb000 ---p 0000a000 08:07 2490594                    /lib/x86_64-linux-gnu/libnss_nis-2.15.so
7f7313bdb000-7f7313bdc000 r--p 0000a000 08:07 2490594                    /lib/x86_64-linux-gnu/libnss_nis-2.15.so
7f7313bdc000-7f7313bdd000 rw-p 0000b000 08:07 2490594                    /lib/x86_64-linux-gnu/libnss_nis-2.15.so
7f7313bdd000-7f7313bf4000 r-xp 00000000 08:07 2490607                    /lib/x86_64-linux-gnu/libnsl-2.15.so
7f7313bf4000-7f7313df3000 ---p 00017000 08:07 2490607                    /lib/x86_64-linux-gnu/libnsl-2.15.so
7f7313df3000-7f7313df4000 r--p 00016000 08:07 2490607                    /lib/x86_64-linux-gnu/libnsl-2.15.so
7f7313df4000-7f7313df5000 rw-p 00017000 08:07 2490607                    /lib/x86_64-linux-gnu/libnsl-2.15.so
7f7313df5000-7f7313df7000 rw-p 00000000 00:00 0 
7f7313df7000-7f7313dff000 r-xp 00000000 08:07 2490599                    /lib/x86_64-linux-gnu/libnss_compat-2.15.so
7f7313dff000-7f7313ffe000 ---p 00008000 08:07 2490599                    /lib/x86_64-linux-gnu/libnss_compat-2.15.so
7f7313ffe000-7f7313fff000 r--p 00007000 08:07 2490599                    /lib/x86_64-linux-gnu/libnss_compat-2.15.so
7f7313fff000-7f7314000000 rw-p 00008000 08:07 2490599                    /lib/x86_64-linux-gnu/libnss_compat-2.15.so
7f7314000000-7f7314317000 rw-p 00000000 00:00 0 
7f7314317000-7f7318000000 ---p 00000000 00:00 0 
7f7318000000-7f7318001000 rw-p 00000000 00:00 0 
7f7318001000-7f7318006000 r--s 0003a000 08:07 3687474                    /usr/java/jdk1.7.0_40/jre/lib/jfr.jar
7f7318006000-7f731801e000 r--s 001ce000 08:07 3687437                    /usr/java/jdk1.7.0_40/jre/lib/deploy.jar
7f731801e000-7f7318031000 r--s 000d4000 08:07 3687434                    /usr/java/jdk1.7.0_40/jre/lib/plugin.jar
7f7318031000-7f73180bf000 rw-p 00000000 00:00 0 
7f73180bf000-7f73180dd000 rw-p 00000000 00:00 0 
7f73180dd000-7f73188f2000 r--p 00000000 08:07 3545841                    /usr/lib/locale/locale-archive
7f73188f2000-7f73188f5000 r-xp 00000000 08:07 932533                     /usr/java/jdk1.7.0_40/jre/lib/amd64/libnpt.so
7f73188f5000-7f7318af4000 ---p 00003000 08:07 932533                     /usr/java/jdk1.7.0_40/jre/lib/amd64/libnpt.so
7f7318af4000-7f7318af5000 rw-p 00002000 08:07 932533                     /usr/java/jdk1.7.0_40/jre/lib/amd64/libnpt.so
7f7318af5000-7f7318b2e000 r-xp 00000000 08:07 932578                     /usr/java/jdk1.7.0_40/jre/lib/amd64/libjdwp.so
7f7318b2e000-7f7318d2e000 ---p 00039000 08:07 932578                     /usr/java/jdk1.7.0_40/jre/lib/amd64/libjdwp.so
7f7318d2e000-7f7318d2f000 rw-p 00039000 08:07 932578                     /usr/java/jdk1.7.0_40/jre/lib/amd64/libjdwp.so
7f7318d2f000-7f7318d30000 rw-p 00000000 00:00 0 
7f7318d30000-7f7318d59000 r-xp 00000000 08:07 932566                     /usr/java/jdk1.7.0_40/jre/lib/amd64/libjava.so
7f7318d59000-7f7318f59000 ---p 00029000 08:07 932566                     /usr/java/jdk1.7.0_40/jre/lib/amd64/libjava.so
7f7318f59000-7f7318f5b000 rw-p 00029000 08:07 932566                     /usr/java/jdk1.7.0_40/jre/lib/amd64/libjava.so
7f7318f5b000-7f7318f68000 r-xp 00000000 08:07 932557                     /usr/java/jdk1.7.0_40/jre/lib/amd64/libverify.so
7f7318f68000-7f7319167000 ---p 0000d000 08:07 932557                     /usr/java/jdk1.7.0_40/jre/lib/amd64/libverify.so
7f7319167000-7f7319169000 rw-p 0000c000 08:07 932557                     /usr/java/jdk1.7.0_40/jre/lib/amd64/libverify.so
7f7319169000-7f7319170000 r-xp 00000000 08:07 2490592                    /lib/x86_64-linux-gnu/librt-2.15.so
7f7319170000-7f731936f000 ---p 00007000 08:07 2490592                    /lib/x86_64-linux-gnu/librt-2.15.so
7f731936f000-7f7319370000 r--p 00006000 08:07 2490592                    /lib/x86_64-linux-gnu/librt-2.15.so
7f7319370000-7f7319371000 rw-p 00007000 08:07 2490592                    /lib/x86_64-linux-gnu/librt-2.15.so
7f7319371000-7f731946c000 r-xp 00000000 08:07 2490596                    /lib/x86_64-linux-gnu/libm-2.15.so
7f731946c000-7f731966b000 ---p 000fb000 08:07 2490596                    /lib/x86_64-linux-gnu/libm-2.15.so
7f731966b000-7f731966c000 r--p 000fa000 08:07 2490596                    /lib/x86_64-linux-gnu/libm-2.15.so
7f731966c000-7f731966d000 rw-p 000fb000 08:07 2490596                    /lib/x86_64-linux-gnu/libm-2.15.so
7f731966d000-7f731a1cf000 r-xp 00000000 08:07 931403                     /usr/java/jdk1.7.0_40/jre/lib/amd64/server/libjvm.so
7f731a1cf000-7f731a3cf000 ---p 00b62000 08:07 931403                     /usr/java/jdk1.7.0_40/jre/lib/amd64/server/libjvm.so
7f731a3cf000-7f731a492000 rw-p 00b62000 08:07 931403                     /usr/java/jdk1.7.0_40/jre/lib/amd64/server/libjvm.so
7f731a492000-7f731a4d3000 rw-p 00000000 00:00 0 
7f731a4d3000-7f731a688000 r-xp 00000000 08:07 2490588                    /lib/x86_64-linux-gnu/libc-2.15.so
7f731a688000-7f731a887000 ---p 001b5000 08:07 2490588                    /lib/x86_64-linux-gnu/libc-2.15.so
7f731a887000-7f731a88b000 r--p 001b4000 08:07 2490588                    /lib/x86_64-linux-gnu/libc-2.15.so
7f731a88b000-7f731a88d000 rw-p 001b8000 08:07 2490588                    /lib/x86_64-linux-gnu/libc-2.15.so
7f731a88d000-7f731a892000 rw-p 00000000 00:00 0 
7f731a892000-7f731a894000 r-xp 00000000 08:07 2490587                    /lib/x86_64-linux-gnu/libdl-2.15.so
7f731a894000-7f731aa94000 ---p 00002000 08:07 2490587                    /lib/x86_64-linux-gnu/libdl-2.15.so
7f731aa94000-7f731aa95000 r--p 00002000 08:07 2490587                    /lib/x86_64-linux-gnu/libdl-2.15.so
7f731aa95000-7f731aa96000 rw-p 00003000 08:07 2490587                    /lib/x86_64-linux-gnu/libdl-2.15.so
7f731aa96000-7f731aaac000 r-xp 00000000 08:07 932546                     /usr/java/jdk1.7.0_40/jre/lib/amd64/jli/libjli.so
7f731aaac000-7f731acac000 ---p 00016000 08:07 932546                     /usr/java/jdk1.7.0_40/jre/lib/amd64/jli/libjli.so
7f731acac000-7f731acad000 rw-p 00016000 08:07 932546                     /usr/java/jdk1.7.0_40/jre/lib/amd64/jli/libjli.so
7f731acad000-7f731acc5000 r-xp 00000000 08:07 2490590                    /lib/x86_64-linux-gnu/libpthread-2.15.so
7f731acc5000-7f731aec4000 ---p 00018000 08:07 2490590                    /lib/x86_64-linux-gnu/libpthread-2.15.so
7f731aec4000-7f731aec5000 r--p 00017000 08:07 2490590                    /lib/x86_64-linux-gnu/libpthread-2.15.so
7f731aec5000-7f731aec6000 rw-p 00018000 08:07 2490590                    /lib/x86_64-linux-gnu/libpthread-2.15.so
7f731aec6000-7f731aeca000 rw-p 00000000 00:00 0 
7f731aeca000-7f731aeec000 r-xp 00000000 08:07 2490602                    /lib/x86_64-linux-gnu/ld-2.15.so
7f731aeec000-7f731aeef000 r--s 00018000 08:07 3687458                    /usr/java/jdk1.7.0_40/jre/lib/jce.jar
7f731aeef000-7f731aef3000 r--s 0008a000 08:07 3672866                    /usr/java/jdk1.7.0_40/jre/lib/jsse.jar
7f731aef3000-7f731af12000 rw-p 00000000 00:00 0 
7f731af12000-7f731afc8000 rw-p 00000000 00:00 0 
7f731afc8000-7f731afcb000 ---p 00000000 00:00 0 
7f731afcb000-7f731b0ce000 rw-p 00000000 00:00 0 
7f731b0ce000-7f731b0cf000 r--s 00000000 08:07 3687472                    /usr/java/jdk1.7.0_40/jre/lib/management-agent.jar
7f731b0cf000-7f731b0d9000 r--s 00371000 08:07 3687449                    /usr/java/jdk1.7.0_40/jre/lib/charsets.jar
7f731b0d9000-7f731b0e0000 r--s 00000000 08:07 3806991                    /usr/lib/x86_64-linux-gnu/gconv/gconv-modules.cache
7f731b0e0000-7f731b0e8000 rw-s 00000000 08:07 2623561                    /tmp/hsperfdata_maxim/6970
7f731b0e8000-7f731b0e9000 rw-p 00000000 00:00 0 
7f731b0e9000-7f731b0ea000 r--p 00000000 00:00 0 
7f731b0ea000-7f731b0ec000 rw-p 00000000 00:00 0 
7f731b0ec000-7f731b0ed000 r--p 00022000 08:07 2490602                    /lib/x86_64-linux-gnu/ld-2.15.so
7f731b0ed000-7f731b0ef000 rw-p 00023000 08:07 2490602                    /lib/x86_64-linux-gnu/ld-2.15.so
7fff7bfe4000-7fff7c005000 rw-p 00000000 00:00 0                          [stack]
7fff7c0fc000-7fff7c0fd000 r-xp 00000000 00:00 0                          [vdso]
ffffffffff600000-ffffffffff601000 r-xp 00000000 00:00 0                  [vsyscall]

VM Arguments:
jvm_args: -agentlib:jdwp=transport=dt_socket,address=127.0.0.1:57546,suspend=y,server=n -Dfile.encoding=UTF-8 
java_command: accountService.Main
Launcher Type: SUN_STANDARD

Environment Variables:
CLASSPATH=/home/maxim/idea-IC-129.713/bin/../lib/bootstrap.jar:/home/maxim/idea-IC-129.713/bin/../lib/extensions.jar:/home/maxim/idea-IC-129.713/bin/../lib/util.jar:/home/maxim/idea-IC-129.713/bin/../lib/jdom.jar:/home/maxim/idea-IC-129.713/bin/../lib/log4j.jar:/home/maxim/idea-IC-129.713/bin/../lib/trove4j.jar:/home/maxim/idea-IC-129.713/bin/../lib/jna.jar:/usr/lib/jvm/java-7-oracle/lib/tools.jar
PATH=/usr/lib/lightdm/lightdm:/usr/local/sbin:/usr/local/bin:/usr/sbin:/usr/bin:/sbin:/bin:/usr/games
LD_LIBRARY_PATH=/home/maxim/idea-IC-129.713/bin:
SHELL=/bin/bash
DISPLAY=:0.0

Signal Handlers:
SIGSEGV: [libjvm.so+0x992d50], sa_mask[0]=0x7ffbfeff, sa_flags=0x10000004
SIGBUS: [libjvm.so+0x992d50], sa_mask[0]=0x7ffbfeff, sa_flags=0x10000004
SIGFPE: [libjvm.so+0x80fb00], sa_mask[0]=0x7ffbfeff, sa_flags=0x10000004
SIGPIPE: [libjvm.so+0x80fb00], sa_mask[0]=0x7ffbfeff, sa_flags=0x10000004
SIGXFSZ: [libjvm.so+0x80fb00], sa_mask[0]=0x7ffbfeff, sa_flags=0x10000004
SIGILL: [libjvm.so+0x80fb00], sa_mask[0]=0x7ffbfeff, sa_flags=0x10000004
SIGUSR1: SIG_DFL, sa_mask[0]=0x00000000, sa_flags=0x00000000
SIGUSR2: [libjvm.so+0x810ff0], sa_mask[0]=0x00000004, sa_flags=0x10000004
SIGHUP: [libjvm.so+0x811f60], sa_mask[0]=0x7ffbfeff, sa_flags=0x10000004
SIGINT: [libjvm.so+0x811f60], sa_mask[0]=0x7ffbfeff, sa_flags=0x10000004
SIGTERM: [libjvm.so+0x811f60], sa_mask[0]=0x7ffbfeff, sa_flags=0x10000004
SIGQUIT: [libjvm.so+0x811f60], sa_mask[0]=0x7ffbfeff, sa_flags=0x10000004


---------------  S Y S T E M  ---------------

OS:wheezy/sid

uname:Linux 3.2.0-51-generic #77-Ubuntu SMP Wed Jul 24 20:18:19 UTC 2013 x86_64
libc:glibc 2.15 NPTL 2.15 
rlimit: STACK 8192k, CORE 0k, NPROC 31078, NOFILE 4096, AS infinity
load average:2,13 2,36 2,54

/proc/meminfo:
MemTotal:        3995664 kB
MemFree:          448760 kB
Buffers:          132904 kB
Cached:          1288496 kB
SwapCached:            0 kB
Active:          2286948 kB
Inactive:        1054684 kB
Active(anon):    1921564 kB
Inactive(anon):   141768 kB
Active(file):     365384 kB
Inactive(file):   912916 kB
Unevictable:           0 kB
Mlocked:               0 kB
SwapTotal:       3905532 kB
SwapFree:        3905532 kB
Dirty:              3456 kB
Writeback:             0 kB
AnonPages:       1920296 kB
Mapped:           238856 kB
Shmem:            143068 kB
Slab:              86512 kB
SReclaimable:      54340 kB
SUnreclaim:        32172 kB
KernelStack:        5160 kB
PageTables:        34420 kB
NFS_Unstable:          0 kB
Bounce:                0 kB
WritebackTmp:          0 kB
CommitLimit:     5903364 kB
Committed_AS:    5659056 kB
VmallocTotal:   34359738367 kB
VmallocUsed:      556520 kB
VmallocChunk:   34359168348 kB
HardwareCorrupted:     0 kB
AnonHugePages:         0 kB
HugePages_Total:       0
HugePages_Free:        0
HugePages_Rsvd:        0
HugePages_Surp:        0
Hugepagesize:       2048 kB
DirectMap4k:       69632 kB
DirectMap2M:     4073472 kB


CPU:total 4 (2 cores per cpu, 2 threads per core) family 6 model 42 stepping 7, cmov, cx8, fxsr, mmx, sse, sse2, sse3, ssse3, sse4.1, sse4.2, popcnt, avx, ht, tsc, tscinvbit

/proc/cpuinfo:
processor	: 0
vendor_id	: GenuineIntel
cpu family	: 6
model		: 42
model name	: Intel(R) Core(TM) i5-2410M CPU @ 2.30GHz
stepping	: 7
microcode	: 0x14
cpu MHz		: 2301.000
cache size	: 3072 KB
physical id	: 0
siblings	: 4
core id		: 0
cpu cores	: 2
apicid		: 0
initial apicid	: 0
fpu		: yes
fpu_exception	: yes
cpuid level	: 13
wp		: yes
flags		: fpu vme de pse tsc msr pae mce cx8 apic sep mtrr pge mca cmov pat pse36 clflush dts acpi mmx fxsr sse sse2 ss ht tm pbe syscall nx rdtscp lm constant_tsc arch_perfmon pebs bts rep_good nopl xtopology nonstop_tsc aperfmperf pni pclmulqdq dtes64 monitor ds_cpl vmx est tm2 ssse3 cx16 xtpr pdcm pcid sse4_1 sse4_2 x2apic popcnt tsc_deadline_timer xsave avx lahf_lm ida arat epb xsaveopt pln pts dtherm tpr_shadow vnmi flexpriority ept vpid
bogomips	: 4589.75
clflush size	: 64
cache_alignment	: 64
address sizes	: 36 bits physical, 48 bits virtual
power management:

processor	: 1
vendor_id	: GenuineIntel
cpu family	: 6
model		: 42
model name	: Intel(R) Core(TM) i5-2410M CPU @ 2.30GHz
stepping	: 7
microcode	: 0x14
cpu MHz		: 2301.000
cache size	: 3072 KB
physical id	: 0
siblings	: 4
core id		: 0
cpu cores	: 2
apicid		: 1
initial apicid	: 1
fpu		: yes
fpu_exception	: yes
cpuid level	: 13
wp		: yes
flags		: fpu vme de pse tsc msr pae mce cx8 apic sep mtrr pge mca cmov pat pse36 clflush dts acpi mmx fxsr sse sse2 ss ht tm pbe syscall nx rdtscp lm constant_tsc arch_perfmon pebs bts rep_good nopl xtopology nonstop_tsc aperfmperf pni pclmulqdq dtes64 monitor ds_cpl vmx est tm2 ssse3 cx16 xtpr pdcm pcid sse4_1 sse4_2 x2apic popcnt tsc_deadline_timer xsave avx lahf_lm ida arat epb xsaveopt pln pts dtherm tpr_shadow vnmi flexpriority ept vpid
bogomips	: 4589.42
clflush size	: 64
cache_alignment	: 64
address sizes	: 36 bits physical, 48 bits virtual
power management:

processor	: 2
vendor_id	: GenuineIntel
cpu family	: 6
model		: 42
model name	: Intel(R) Core(TM) i5-2410M CPU @ 2.30GHz
stepping	: 7
microcode	: 0x14
cpu MHz		: 2301.000
cache size	: 3072 KB
physical id	: 0
siblings	: 4
core id		: 1
cpu cores	: 2
apicid		: 2
initial apicid	: 2
fpu		: yes
fpu_exception	: yes
cpuid level	: 13
wp		: yes
flags		: fpu vme de pse tsc msr pae mce cx8 apic sep mtrr pge mca cmov pat pse36 clflush dts acpi mmx fxsr sse sse2 ss ht tm pbe syscall nx rdtscp lm constant_tsc arch_perfmon pebs bts rep_good nopl xtopology nonstop_tsc aperfmperf pni pclmulqdq dtes64 monitor ds_cpl vmx est tm2 ssse3 cx16 xtpr pdcm pcid sse4_1 sse4_2 x2apic popcnt tsc_deadline_timer xsave avx lahf_lm ida arat epb xsaveopt pln pts dtherm tpr_shadow vnmi flexpriority ept vpid
bogomips	: 4589.45
clflush size	: 64
cache_alignment	: 64
address sizes	: 36 bits physical, 48 bits virtual
power management:

processor	: 3
vendor_id	: GenuineIntel
cpu family	: 6
model		: 42
model name	: Intel(R) Core(TM) i5-2410M CPU @ 2.30GHz
stepping	: 7
microcode	: 0x14
cpu MHz		: 2301.000
cache size	: 3072 KB
physical id	: 0
siblings	: 4
core id		: 1
cpu cores	: 2
apicid		: 3
initial apicid	: 3
fpu		: yes
fpu_exception	: yes
cpuid level	: 13
wp		: yes
flags		: fpu vme de pse tsc msr pae mce cx8 apic sep mtrr pge mca cmov pat pse36 clflush dts acpi mmx fxsr sse sse2 ss ht tm pbe syscall nx rdtscp lm constant_tsc arch_perfmon pebs bts rep_good nopl xtopology nonstop_tsc aperfmperf pni pclmulqdq dtes64 monitor ds_cpl vmx est tm2 ssse3 cx16 xtpr pdcm pcid sse4_1 sse4_2 x2apic popcnt tsc_deadline_timer xsave avx lahf_lm ida arat epb xsaveopt pln pts dtherm tpr_shadow vnmi flexpriority ept vpid
bogomips	: 4589.44
clflush size	: 64
cache_alignment	: 64
address sizes	: 36 bits physical, 48 bits virtual
power management:



Memory: 4k page, physical 3995664k(448760k free), swap 3905532k(3905532k free)

vm_info: Java HotSpot(TM) 64-Bit Server VM (24.0-b56) for linux-amd64 JRE (1.7.0_40-b43), built on Aug 26 2013 23:53:33 by "java_re" with gcc 4.3.0 20080428 (Red Hat 4.3.0-8)

time: Thu Oct 24 01:24:33 2013
elapsed time: 42 seconds

